  cwlex.cpp
C:\Users\devvek\Desktop\cw(example for 30_12_2024)\lex+rpn+machinecodegen\lex+rpn+machinecodegen\cwlex.cpp(159,40): warning C4267: 'initializing': conversion from 'size_t' to 'unsigned int', possible loss of data
C:\Users\devvek\Desktop\cw(example for 30_12_2024)\lex+rpn+machinecodegen\lex+rpn+machinecodegen\cwlex.cpp(160,52): warning C4267: 'initializing': conversion from 'size_t' to 'unsigned int', possible loss of data
C:\Users\devvek\Desktop\cw(example for 30_12_2024)\lex+rpn+machinecodegen\lex+rpn+machinecodegen\cwlex.cpp(161,54): warning C4267: 'initializing': conversion from 'size_t' to 'unsigned int', possible loss of data
C:\Users\devvek\Desktop\cw(example for 30_12_2024)\lex+rpn+machinecodegen\lex+rpn+machinecodegen\cwlex.cpp(307,38): warning C4244: 'return': conversion from '__int64' to 'unsigned int', possible loss of data
C:\Users\devvek\Desktop\cw(example for 30_12_2024)\lex+rpn+machinecodegen\lex+rpn+machinecodegen\cwlex.cpp(342,44): warning C4244: '=': conversion from '__int64' to 'unsigned int', possible loss of data
C:\Users\devvek\Desktop\cw(example for 30_12_2024)\lex+rpn+machinecodegen\lex+rpn+machinecodegen\preparer.hxx(110,73): warning C4244: '=': conversion from 'unsigned __int64' to 'unsigned int', possible loss of data
C:\Users\devvek\Desktop\cw(example for 30_12_2024)\lex+rpn+machinecodegen\lex+rpn+machinecodegen\preparer.hxx(183,31): warning C4244: 'initializing': conversion from 'unsigned __int64' to 'unsigned int', possible loss of data
C:\Users\devvek\Desktop\cw(example for 30_12_2024)\lex+rpn+machinecodegen\lex+rpn+machinecodegen\machine_coder\if_then.hxx(22,112): warning C4244: '=': conversion from 'unsigned __int64' to 'unsigned int', possible loss of data
C:\Users\devvek\Desktop\cw(example for 30_12_2024)\lex+rpn+machinecodegen\lex+rpn+machinecodegen\machine_coder\if_then.hxx(50,125): warning C4244: '=': conversion from 'unsigned __int64' to 'unsigned int', possible loss of data
C:\Users\devvek\Desktop\cw(example for 30_12_2024)\lex+rpn+machinecodegen\lex+rpn+machinecodegen\machine_coder\if_then.hxx(66,101): warning C4312: 'type cast': conversion from 'unsigned int' to 'unsigned int *' of greater size
C:\Users\devvek\Desktop\cw(example for 30_12_2024)\lex+rpn+machinecodegen\lex+rpn+machinecodegen\machine_coder\if_then.hxx(66,231): warning C4312: 'type cast': conversion from 'unsigned int' to 'unsigned char *' of greater size
C:\Users\devvek\Desktop\cw(example for 30_12_2024)\lex+rpn+machinecodegen\lex+rpn+machinecodegen\machine_coder\else.hxx(25,112): warning C4244: '=': conversion from 'unsigned __int64' to 'unsigned int', possible loss of data
C:\Users\devvek\Desktop\cw(example for 30_12_2024)\lex+rpn+machinecodegen\lex+rpn+machinecodegen\machine_coder\else.hxx(38,101): warning C4312: 'type cast': conversion from 'unsigned int' to 'unsigned int *' of greater size
C:\Users\devvek\Desktop\cw(example for 30_12_2024)\lex+rpn+machinecodegen\lex+rpn+machinecodegen\machine_coder\else.hxx(38,231): warning C4312: 'type cast': conversion from 'unsigned int' to 'unsigned char *' of greater size
C:\Users\devvek\Desktop\cw(example for 30_12_2024)\lex+rpn+machinecodegen\lex+rpn+machinecodegen\machine_coder\for.hxx(68,112): warning C4244: '=': conversion from 'unsigned __int64' to 'unsigned int', possible loss of data
C:\Users\devvek\Desktop\cw(example for 30_12_2024)\lex+rpn+machinecodegen\lex+rpn+machinecodegen\machine_coder\for.hxx(129,126): warning C4244: '=': conversion from 'unsigned __int64' to 'unsigned int', possible loss of data
C:\Users\devvek\Desktop\cw(example for 30_12_2024)\lex+rpn+machinecodegen\lex+rpn+machinecodegen\machine_coder\for.hxx(134,126): warning C4244: '=': conversion from 'unsigned __int64' to 'unsigned int', possible loss of data
C:\Users\devvek\Desktop\cw(example for 30_12_2024)\lex+rpn+machinecodegen\lex+rpn+machinecodegen\machine_coder\for.hxx(162,152): warning C4312: 'type cast': conversion from 'unsigned int' to 'unsigned char *' of greater size
C:\Users\devvek\Desktop\cw(example for 30_12_2024)\lex+rpn+machinecodegen\lex+rpn+machinecodegen\machine_coder\for.hxx(163,101): warning C4312: 'type cast': conversion from 'unsigned int' to 'unsigned int *' of greater size
C:\Users\devvek\Desktop\cw(example for 30_12_2024)\lex+rpn+machinecodegen\lex+rpn+machinecodegen\machine_coder\for.hxx(163,231): warning C4312: 'type cast': conversion from 'unsigned int' to 'unsigned char *' of greater size
C:\Users\devvek\Desktop\cw(example for 30_12_2024)\lex+rpn+machinecodegen\lex+rpn+machinecodegen\machine_coder\while.hxx(27,112): warning C4244: '=': conversion from 'unsigned __int64' to 'unsigned int', possible loss of data
C:\Users\devvek\Desktop\cw(example for 30_12_2024)\lex+rpn+machinecodegen\lex+rpn+machinecodegen\machine_coder\while.hxx(58,125): warning C4244: '=': conversion from 'unsigned __int64' to 'unsigned int', possible loss of data
C:\Users\devvek\Desktop\cw(example for 30_12_2024)\lex+rpn+machinecodegen\lex+rpn+machinecodegen\machine_coder\while.hxx(90,126): warning C4244: '=': conversion from 'unsigned __int64' to 'unsigned int', possible loss of data
C:\Users\devvek\Desktop\cw(example for 30_12_2024)\lex+rpn+machinecodegen\lex+rpn+machinecodegen\machine_coder\while.hxx(114,126): warning C4244: '=': conversion from 'unsigned __int64' to 'unsigned int', possible loss of data
C:\Users\devvek\Desktop\cw(example for 30_12_2024)\lex+rpn+machinecodegen\lex+rpn+machinecodegen\machine_coder\while.hxx(137,126): warning C4244: '=': conversion from 'unsigned __int64' to 'unsigned int', possible loss of data
C:\Users\devvek\Desktop\cw(example for 30_12_2024)\lex+rpn+machinecodegen\lex+rpn+machinecodegen\machine_coder\while.hxx(170,126): warning C4244: '=': conversion from 'unsigned __int64' to 'unsigned int', possible loss of data
C:\Users\devvek\Desktop\cw(example for 30_12_2024)\lex+rpn+machinecodegen\lex+rpn+machinecodegen\machine_coder\while.hxx(194,126): warning C4244: '=': conversion from 'unsigned __int64' to 'unsigned int', possible loss of data
C:\Users\devvek\Desktop\cw(example for 30_12_2024)\lex+rpn+machinecodegen\lex+rpn+machinecodegen\machine_coder\while.hxx(217,126): warning C4244: '=': conversion from 'unsigned __int64' to 'unsigned int', possible loss of data
C:\Users\devvek\Desktop\cw(example for 30_12_2024)\lex+rpn+machinecodegen\lex+rpn+machinecodegen\machine_coder\while.hxx(234,102): warning C4312: 'type cast': conversion from 'unsigned int' to 'unsigned int *' of greater size
C:\Users\devvek\Desktop\cw(example for 30_12_2024)\lex+rpn+machinecodegen\lex+rpn+machinecodegen\machine_coder\while.hxx(234,232): warning C4312: 'type cast': conversion from 'unsigned int' to 'unsigned char *' of greater size
C:\Users\devvek\Desktop\cw(example for 30_12_2024)\lex+rpn+machinecodegen\lex+rpn+machinecodegen\machine_coder\while.hxx(237,152): warning C4312: 'type cast': conversion from 'unsigned int' to 'unsigned char *' of greater size
C:\Users\devvek\Desktop\cw(example for 30_12_2024)\lex+rpn+machinecodegen\lex+rpn+machinecodegen\machine_coder\while.hxx(238,101): warning C4312: 'type cast': conversion from 'unsigned int' to 'unsigned int *' of greater size
C:\Users\devvek\Desktop\cw(example for 30_12_2024)\lex+rpn+machinecodegen\lex+rpn+machinecodegen\machine_coder\while.hxx(238,231): warning C4312: 'type cast': conversion from 'unsigned int' to 'unsigned char *' of greater size
C:\Users\devvek\Desktop\cw(example for 30_12_2024)\lex+rpn+machinecodegen\lex+rpn+machinecodegen\machine_coder\while.hxx(240,102): warning C4312: 'type cast': conversion from 'unsigned int' to 'unsigned int *' of greater size
C:\Users\devvek\Desktop\cw(example for 30_12_2024)\lex+rpn+machinecodegen\lex+rpn+machinecodegen\machine_coder\while.hxx(240,232): warning C4312: 'type cast': conversion from 'unsigned int' to 'unsigned char *' of greater size
C:\Users\devvek\Desktop\cw(example for 30_12_2024)\lex+rpn+machinecodegen\lex+rpn+machinecodegen\machine_coder\repeat_until.hxx(22,112): warning C4244: '=': conversion from 'unsigned __int64' to 'unsigned int', possible loss of data
C:\Users\devvek\Desktop\cw(example for 30_12_2024)\lex+rpn+machinecodegen\lex+rpn+machinecodegen\machine_coder\repeat_until.hxx(72,153): warning C4312: 'type cast': conversion from 'unsigned int' to 'unsigned char *' of greater size
  lex+rpn+machinecodegen.vcxproj -> C:\Users\devvek\Desktop\cw(example for 30_12_2024)\lex+rpn+machinecodegen\x64\Debug\lex+rpn+machinecodegen.exe
